<?xml version="1.0" encoding="UTF-8"?>
<testng-results ignored="0" total="2" passed="2" failed="0" skipped="0">
  <reporter-output>
  </reporter-output>
  <suite started-at="2023-07-14T11:30:09 UTC" name="Default suite" finished-at="2023-07-14T11:30:15 UTC" duration-ms="6187">
    <groups>
    </groups>
    <test started-at="2023-07-14T11:30:09 UTC" name="Default test" finished-at="2023-07-14T11:30:15 UTC" duration-ms="6187">
      <class name="testPage.editProfile">
        <test-method is-config="true" signature="setup()[pri:0, instance:testPage.editProfile@7a419da4]" started-at="2023-07-14T11:30:09 UTC" name="setup" finished-at="2023-07-14T11:30:14 UTC" duration-ms="5528" status="PASS">
          <reporter-output>
          </reporter-output>
        </test-method> <!-- setup -->
        <test-method signature="editprofilePage()[pri:0, instance:testPage.editProfile@7a419da4]" started-at="2023-07-14T11:30:14 UTC" name="editprofilePage" finished-at="2023-07-14T11:30:15 UTC" duration-ms="394" status="PASS">
          <reporter-output>
          </reporter-output>
        </test-method> <!-- editprofilePage -->
        <test-method signature="logout()[pri:0, instance:testPage.editProfile@7a419da4]" started-at="2023-07-14T11:30:15 UTC" name="logout" finished-at="2023-07-14T11:30:15 UTC" duration-ms="227" status="PASS">
          <reporter-output>
          </reporter-output>
        </test-method> <!-- logout -->
      </class> <!-- testPage.editProfile -->
    </test> <!-- Default test -->
  </suite> <!-- Default suite -->
</testng-results>
